[DEBUG] 2010-03-10 14:32:42,803 org.springframework.orm.hibernate3.HibernateTransactionManager - Triggering afterCommit synchronization
[DEBUG] 2010-03-10 14:32:42,804 org.springframework.orm.hibernate3.HibernateTransactionManager - Triggering afterCompletion synchronization
[DEBUG] 2010-03-10 14:32:42,804 org.springframework.transaction.support.TransactionSynchronizationManager - Clearing transaction synchronization
[DEBUG] 2010-03-10 14:32:42,804 org.springframework.transaction.support.TransactionSynchronizationManager - Removed value [org.springframework.orm.hibernate3.SessionHolder@13acc52] for key [org.hibernate.impl.SessionFactoryImpl@145fe3b] from thread [main]
[DEBUG] 2010-03-10 14:32:42,804 org.springframework.transaction.support.TransactionSynchronizationManager - Removed value [org.springframework.jdbc.datasource.ConnectionHolder@7981d5] for key [org.apache.commons.dbcp.BasicDataSource@3e5a91] from thread [main]
[DEBUG] 2010-03-10 14:32:42,804 org.springframework.orm.hibernate3.HibernateTransactionManager - Closing Hibernate Session [org.hibernate.impl.SessionImpl@2a2cc] after transaction
[DEBUG] 2010-03-10 14:32:42,804 org.springframework.orm.hibernate3.SessionFactoryUtils - Closing Hibernate Session
[DEBUG] 2010-03-10 14:32:42,804 org.hibernate.jdbc.ConnectionManager - releasing JDBC connection [ (open PreparedStatements: 0, globally: 0) (open ResultSets: 0, globally: 0)]
[DEBUG] 2010-03-10 14:32:42,805 org.hibernate.jdbc.ConnectionManager - transaction completed on session with on_close connection release mode; be sure to close the session to release JDBC resources!
[DEBUG] 2010-03-10 14:32:42,805 org.springframework.orm.hibernate3.HibernateTransactionManager - Creating new transaction with name [org.usc.daos.base.IBaseDao.save]: PROPAGATION_REQUIRED,ISOLATION_DEFAULT
[DEBUG] 2010-03-10 14:32:42,805 org.springframework.transaction.support.TransactionSynchronizationManager - Initializing transaction synchronization
[DEBUG] 2010-03-10 14:32:42,805 org.hibernate.impl.SessionImpl - opened session at timestamp: 12682027628
[DEBUG] 2010-03-10 14:32:42,805 org.springframework.orm.hibernate3.HibernateTransactionManager - Opened new Session [org.hibernate.impl.SessionImpl@6c2896] for Hibernate transaction
[DEBUG] 2010-03-10 14:32:42,805 org.springframework.orm.hibernate3.HibernateTransactionManager - Preparing JDBC Connection of Hibernate Session [org.hibernate.impl.SessionImpl@6c2896]
[DEBUG] 2010-03-10 14:32:42,805 org.hibernate.transaction.JDBCTransaction - begin
[DEBUG] 2010-03-10 14:32:42,805 org.hibernate.jdbc.ConnectionManager - opening JDBC connection
[DEBUG] 2010-03-10 14:32:42,805 org.hibernate.transaction.JDBCTransaction - current autocommit status: true
[DEBUG] 2010-03-10 14:32:42,806 org.hibernate.transaction.JDBCTransaction - disabling autocommit
[DEBUG] 2010-03-10 14:32:42,807 org.springframework.orm.hibernate3.HibernateTransactionManager - Exposing Hibernate transaction as JDBC transaction [jdbc:mysql://127.0.0.1:3306/test?useUnicode=true&amp;amp;characterEncoding=utf-8, UserName=root@localhost, MySQL-AB JDBC Driver]
[DEBUG] 2010-03-10 14:32:42,807 org.springframework.transaction.support.TransactionSynchronizationManager - Bound value [org.springframework.jdbc.datasource.ConnectionHolder@c5f468] for key [org.apache.commons.dbcp.BasicDataSource@3e5a91] to thread [main]
[DEBUG] 2010-03-10 14:32:42,807 org.springframework.transaction.support.TransactionSynchronizationManager - Bound value [org.springframework.orm.hibernate3.SessionHolder@30d83d] for key [org.hibernate.impl.SessionFactoryImpl@145fe3b] to thread [main]
[DEBUG] 2010-03-10 14:32:42,807 org.springframework.transaction.interceptor.TransactionInterceptor - Getting transaction for [org.usc.daos.base.IBaseDao.save]
[DEBUG] 2010-03-10 14:32:42,807 org.springframework.transaction.support.TransactionSynchronizationManager - Retrieved value [org.springframework.orm.hibernate3.SessionHolder@30d83d] for key [org.hibernate.impl.SessionFactoryImpl@145fe3b] bound to thread [main]
[DEBUG] 2010-03-10 14:32:42,807 org.springframework.transaction.support.TransactionSynchronizationManager - Retrieved value [org.springframework.orm.hibernate3.SessionHolder@30d83d] for key [org.hibernate.impl.SessionFactoryImpl@145fe3b] bound to thread [main]
[DEBUG] 2010-03-10 14:32:42,807 org.springframework.orm.hibernate3.HibernateTemplate - Found thread-bound Session for HibernateTemplate
[DEBUG] 2010-03-10 14:32:42,808 org.hibernate.event.def.AbstractSaveEventListener - executing identity-insert immediately
[DEBUG] 2010-03-10 14:32:42,808 org.hibernate.jdbc.AbstractBatcher - about to open PreparedStatement (open PreparedStatements: 0, globally: 0)
[DEBUG] 2010-03-10 14:32:42,808 org.hibernate.SQL - insert into test.teacher (name, positional, sex) values (?, ?, ?)
[DEBUG] 2010-03-10 14:32:42,809 org.hibernate.id.IdentifierGeneratorFactory - Natively generated identity: 72
[DEBUG] 2010-03-10 14:32:42,809 org.hibernate.jdbc.AbstractBatcher - about to close PreparedStatement (open PreparedStatements: 1, globally: 1)
[DEBUG] 2010-03-10 14:32:42,809 org.springframework.orm.hibernate3.HibernateTemplate - Not closing pre-bound Hibernate Session after HibernateTemplate
[DEBUG] 2010-03-10 14:32:42,809 org.springframework.transaction.interceptor.TransactionInterceptor - Completing transaction for [org.usc.daos.base.IBaseDao.save]
[DEBUG] 2010-03-10 14:32:42,809 org.springframework.orm.hibernate3.HibernateTransactionManager - Triggering beforeCommit synchronization
[DEBUG] 2010-03-10 14:32:42,809 org.springframework.orm.hibernate3.HibernateTransactionManager - Triggering beforeCompletion synchronization
[DEBUG] 2010-03-10 14:32:42,810 org.springframework.orm.hibernate3.HibernateTransactionManager - Initiating transaction commit
[DEBUG] 2010-03-10 14:32:42,810 org.springframework.orm.hibernate3.HibernateTransactionManager - Committing Hibernate transaction on Session [org.hibernate.impl.SessionImpl@6c2896]
[DEBUG] 2010-03-10 14:32:42,810 org.hibernate.transaction.JDBCTransaction - commit
[DEBUG] 2010-03-10 14:32:42,810 org.hibernate.event.def.AbstractFlushingEventListener - processing flush-time cascades
[DEBUG] 2010-03-10 14:32:42,810 org.hibernate.event.def.AbstractFlushingEventListener - dirty checking collections
[DEBUG] 2010-03-10 14:32:42,810 org.hibernate.event.def.AbstractFlushingEventListener - Flushed: 0 insertions, 0 updates, 0 deletions to 1 objects
[DEBUG] 2010-03-10 14:32:42,810 org.hibernate.event.def.AbstractFlushingEventListener - Flushed: 0 (re)creations, 0 updates, 0 removals to 0 collections
[DEBUG] 2010-03-10 14:32:42,810 org.hibernate.pretty.Printer - listing entities:
[DEBUG] 2010-03-10 14:32:42,810 org.hibernate.pretty.Printer - org.usc.beans.Teacher{id=72, sex=男, positional=讲师, name=老师71}
[DEBUG] 2010-03-10 14:32:42,835 org.hibernate.transaction.JDBCTransaction - re-enabling autocommit
[DEBUG] 2010-03-10 14:32:42,836 org.hibernate.transaction.JDBCTransaction - committed JDBC Connection
[DEBUG] 2010-03-10 14:32:42,836 org.hibernate.jdbc.ConnectionManager - transaction completed on session with on_close connection release mode; be sure to close the session to release JDBC resources!
[DEBUG] 2010-03-10 14:32:42,837 org.springframework.orm.hibernate3.HibernateTransactionManager - Triggering afterCommit synchronization
[DEBUG] 2010-03-10 14:32:42,837 org.springframework.orm.hibernate3.HibernateTransactionManager - Triggering afterCompletion synchronization
[DEBUG] 2010-03-10 14:32:42,837 org.springframework.transaction.support.TransactionSynchronizationManager - Clearing transaction synchronization
[DEBUG] 2010-03-10 14:32:42,837 org.springframework.transaction.support.TransactionSynchronizationManager - Removed value [org.springframework.orm.hibernate3.SessionHolder@30d83d] for key [org.hibernate.impl.SessionFactoryImpl@145fe3b] from thread [main]
[DEBUG] 2010-03-10 14:32:42,837 org.springframework.transaction.support.TransactionSynchronizationManager - Removed value [org.springframework.jdbc.datasource.ConnectionHolder@c5f468] for key [org.apache.commons.dbcp.BasicDataSource@3e5a91] from thread [main]
[DEBUG] 2010-03-10 14:32:42,837 org.springframework.orm.hibernate3.HibernateTransactionManager - Closing Hibernate Session [org.hibernate.impl.SessionImpl@6c2896] after transaction
[DEBUG] 2010-03-10 14:32:42,837 org.springframework.orm.hibernate3.SessionFactoryUtils - Closing Hibernate Session
[DEBUG] 2010-03-10 14:32:42,837 org.hibernate.jdbc.ConnectionManager - releasing JDBC connection [ (open PreparedStatements: 0, globally: 0) (open ResultSets: 0, globally: 0)]
[DEBUG] 2010-03-10 14:32:42,837 org.hibernate.jdbc.ConnectionManager - transaction completed on session with on_close connection release mode; be sure to close the session to release JDBC resources!
[DEBUG] 2010-03-10 14:32:42,838 org.springframework.orm.hibernate3.HibernateTransactionManager - Creating new transaction with name [org.usc.daos.base.IBaseDao.save]: PROPAGATION_REQUIRED,ISOLATION_DEFAULT
[DEBUG] 2010-03-10 14:32:42,838 org.springframework.transaction.support.TransactionSynchronizationManager - Initializing transaction synchronization
[DEBUG] 2010-03-10 14:32:42,838 org.hibernate.impl.SessionImpl - opened session at timestamp: 12682027628
[DEBUG] 2010-03-10 14:32:42,838 org.springframework.orm.hibernate3.HibernateTransactionManager - Opened new Session [org.hibernate.impl.SessionImpl@1d1c3cd] for Hibernate transaction
[DEBUG] 2010-03-10 14:32:42,838 org.springframework.orm.hibernate3.HibernateTransactionManager - Preparing JDBC Connection of Hibernate Session [org.hibernate.impl.SessionImpl@1d1c3cd]
[DEBUG] 2010-03-10 14:32:42,838 org.hibernate.transaction.JDBCTransaction - begin
[DEBUG] 2010-03-10 14:32:42,838 org.hibernate.jdbc.ConnectionManager - opening JDBC connection
[DEBUG] 2010-03-10 14:32:42,838 org.hibernate.transaction.JDBCTransaction - current autocommit status: true
[DEBUG] 2010-03-10 14:32:42,839 org.hibernate.transaction.JDBCTransaction - disabling autocommit
[DEBUG] 2010-03-10 14:32:42,840 org.springframework.orm.hibernate3.HibernateTransactionManager - Exposing Hibernate transaction as JDBC transaction [jdbc:mysql://127.0.0.1:3306/test?useUnicode=true&amp;amp;characterEncoding=utf-8, UserName=root@localhost, MySQL-AB JDBC Driver]
[DEBUG] 2010-03-10 14:32:42,840 org.springframework.transaction.support.TransactionSynchronizationManager - Bound value [org.springframework.jdbc.datasource.ConnectionHolder@162d950] for key [org.apache.commons.dbcp.BasicDataSource@3e5a91] to thread [main]
[DEBUG] 2010-03-10 14:32:42,840 org.springframework.transaction.support.TransactionSynchronizationManager - Bound value [org.springframework.orm.hibernate3.SessionHolder@a937cd] for key [org.hibernate.impl.SessionFactoryImpl@145fe3b] to thread [main]
[DEBUG] 2010-03-10 14:32:42,840 org.springframework.transaction.interceptor.TransactionInterceptor - Getting transaction for [org.usc.daos.base.IBaseDao.save]
[DEBUG] 2010-03-10 14:32:42,841 org.springframework.transaction.support.TransactionSynchronizationManager - Retrieved value [org.springframework.orm.hibernate3.SessionHolder@a937cd] for key [org.hibernate.impl.SessionFactoryImpl@145fe3b] bound to thread [main]
[DEBUG] 2010-03-10 14:32:42,841 org.springframework.transaction.support.TransactionSynchronizationManager - Retrieved value [org.springframework.orm.hibernate3.SessionHolder@a937cd] for key [org.hibernate.impl.SessionFactoryImpl@145fe3b] bound to thread [main]
[DEBUG] 2010-03-10 14:32:42,841 org.springframework.orm.hibernate3.HibernateTemplate - Found thread-bound Session for HibernateTemplate
[DEBUG] 2010-03-10 14:32:42,841 org.hibernate.event.def.AbstractSaveEventListener - executing identity-insert immediately
[DEBUG] 2010-03-10 14:32:42,841 org.hibernate.jdbc.AbstractBatcher - about to open PreparedStatement (open PreparedStatements: 0, globally: 0)
[DEBUG] 2010-03-10 14:32:42,841 org.hibernate.SQL - insert into test.teacher (name, positional, sex) values (?, ?, ?)
[DEBUG] 2010-03-10 14:32:42,843 org.hibernate.id.IdentifierGeneratorFactory - Natively generated identity: 73
[DEBUG] 2010-03-10 14:32:42,843 org.hibernate.jdbc.AbstractBatcher - about to close PreparedStatement (open PreparedStatements: 1, globally: 1)
[DEBUG] 2010-03-10 14:32:42,843 org.springframework.orm.hibernate3.HibernateTemplate - Not closing pre-bound Hibernate Session after HibernateTemplate
[DEBUG] 2010-03-10 14:32:42,843 org.springframework.transaction.interceptor.TransactionInterceptor - Completing transaction for [org.usc.daos.base.IBaseDao.save]
[DEBUG] 2010-03-10 14:32:42,843 org.springframework.orm.hibernate3.HibernateTransactionManager - Triggering beforeCommit synchronization
[DEBUG] 2010-03-10 14:32:42,843 org.springframework.orm.hibernate3.HibernateTransactionManager - Triggering beforeCompletion synchronization
[DEBUG] 2010-03-10 14:32:42,843 org.springframework.orm.hibernate3.HibernateTransactionManager - Initiating transaction commit
[DEBUG] 2010-03-10 14:32:42,844 org.springframework.orm.hibernate3.HibernateTransactionManager - Committing Hibernate transaction on Session [org.hibernate.impl.SessionImpl@1d1c3cd]
[DEBUG] 2010-03-10 14:32:42,844 org.hibernate.transaction.JDBCTransaction - commit
[DEBUG] 2010-03-10 14:32:42,844 org.hibernate.event.def.AbstractFlushingEventListener - processing flush-time cascades
[DEBUG] 2010-03-10 14:32:42,844 org.hibernate.event.def.AbstractFlushingEventListener - dirty checking collections
[DEBUG] 2010-03-10 14:32:42,844 org.hibernate.event.def.AbstractFlushingEventListener - Flushed: 0 insertions, 0 updates, 0 deletions to 1 objects
[DEBUG] 2010-03-10 14:32:42,844 org.hibernate.event.def.AbstractFlushingEventListener - Flushed: 0 (re)creations, 0 updates, 0 removals to 0 collections
[DEBUG] 2010-03-10 14:32:42,844 org.hibernate.pretty.Printer - listing entities:
[DEBUG] 2010-03-10 14:32:42,844 org.hibernate.pretty.Printer - org.usc.beans.Teacher{id=73, sex=男, positional=讲师, name=老师72}
[DEBUG] 2010-03-10 14:32:42,871 org.hibernate.transaction.JDBCTransaction - re-enabling autocommit
[DEBUG] 2010-03-10 14:32:42,872 org.hibernate.transaction.JDBCTransaction - committed JDBC Connection
[DEBUG] 2010-03-10 14:32:42,872 org.hibernate.jdbc.ConnectionManager - transaction completed on session with on_close connection release mode; be sure to close the session to release JDBC resources!
[DEBUG] 2010-03-10 14:32:42,872 org.springframework.orm.hibernate3.HibernateTransactionManager - Triggering afterCommit synchronization
[DEBUG] 2010-03-10 14:32:42,872 org.springframework.orm.hibernate3.HibernateTransactionManager - Triggering afterCompletion synchronization
[DEBUG] 2010-03-10 14:32:42,872 org.springframework.transaction.support.TransactionSynchronizationManager - Clearing transaction synchronization
[DEBUG] 2010-03-10 14:32:42,872 org.springframework.transaction.support.TransactionSynchronizationManager - Removed value [org.springframework.orm.hibernate3.SessionHolder@a937cd] for key [org.hibernate.impl.SessionFactoryImpl@145fe3b] from thread [main]
[DEBUG] 2010-03-10 14:32:42,873 org.springframework.transaction.support.TransactionSynchronizationManager - Removed value [org.springframework.jdbc.datasource.ConnectionHolder@162d950] for key [org.apache.commons.dbcp.BasicDataSource@3e5a91] from thread [main]
[DEBUG] 2010-03-10 14:32:42,873 org.springframework.orm.hibernate3.HibernateTransactionManager - Closing Hibernate Session [org.hibernate.impl.SessionImpl@1d1c3cd] after transaction
[DEBUG] 2010-03-10 14:32:42,873 org.springframework.orm.hibernate3.SessionFactoryUtils - Closing Hibernate Session
[DEBUG] 2010-03-10 14:32:42,873 org.hibernate.jdbc.ConnectionManager - releasing JDBC connection [ (open PreparedStatements: 0, globally: 0) (open ResultSets: 0, globally: 0)]
[DEBUG] 2010-03-10 14:32:42,873 org.hibernate.jdbc.ConnectionManager - transaction completed on session with on_close connection release mode; be sure to close the session to release JDBC resources!
[DEBUG] 2010-03-10 14:32:42,873 org.springframework.orm.hibernate3.HibernateTransactionManager - Creating new transaction with name [org.usc.daos.base.IBaseDao.save]: PROPAGATION_REQUIRED,ISOLATION_DEFAULT
[DEBUG] 2010-03-10 14:32:42,874 org.springframework.transaction.support.TransactionSynchronizationManager - Initializing transaction synchronization
[DEBUG] 2010-03-10 14:32:42,874 org.hibernate.impl.SessionImpl - opened session at timestamp: 12682027628
[DEBUG] 2010-03-10 14:32:42,874 org.springframework.orm.hibernate3.HibernateTransactionManager - Opened new Session [org.hibernate.impl.SessionImpl@b52a28] for Hibernate transaction
[DEBUG] 2010-03-10 14:32:42,874 org.springframework.orm.hibernate3.HibernateTransactionManager - Preparing JDBC Connection of Hibernate Session [org.hibernate.impl.SessionImpl@b52a28]
[DEBUG] 2010-03-10 14:32:42,874 org.hibernate.transaction.JDBCTransaction - begin
[DEBUG] 2010-03-10 14:32:42,874 org.hibernate.jdbc.ConnectionManager - opening JDBC connection
[DEBUG] 2010-03-10 14:32:42,874 org.hibernate.transaction.JDBCTransaction - current autocommit status: true
[DEBUG] 2010-03-10 14:32:42,874 org.hibernate.transaction.JDBCTransaction - disabling autocommit
[DEBUG] 2010-03-10 14:32:42,880 org.springframework.orm.hibernate3.HibernateTransactionManager - Exposing Hibernate transaction as JDBC transaction [jdbc:mysql://127.0.0.1:3306/test?useUnicode=true&amp;amp;characterEncoding=utf-8, UserName=root@localhost, MySQL-AB JDBC Driver]
[DEBUG] 2010-03-10 14:32:42,880 org.springframework.transaction.support.TransactionSynchronizationManager - Bound value [org.springframework.jdbc.datasource.ConnectionHolder@1c958af] for key [org.apache.commons.dbcp.BasicDataSource@3e5a91] to thread [main]
[DEBUG] 2010-03-10 14:32:42,880 org.springframework.transaction.support.TransactionSynchronizationManager - Bound value [org.springframework.orm.hibernate3.SessionHolder@1dd7736] for key [org.hibernate.impl.SessionFactoryImpl@145fe3b] to thread [main]
[DEBUG] 2010-03-10 14:32:42,880 org.springframework.transaction.interceptor.TransactionInterceptor - Getting transaction for [org.usc.daos.base.IBaseDao.save]
[DEBUG] 2010-03-10 14:32:42,880 org.springframework.transaction.support.TransactionSynchronizationManager - Retrieved value [org.springframework.orm.hibernate3.SessionHolder@1dd7736] for key [org.hibernate.impl.SessionFactoryImpl@145fe3b] bound to thread [main]
[DEBUG] 2010-03-10 14:32:42,881 org.springframework.transaction.support.TransactionSynchronizationManager - Retrieved value [org.springframework.orm.hibernate3.SessionHolder@1dd7736] for key [org.hibernate.impl.SessionFactoryImpl@145fe3b] bound to thread [main]
[DEBUG] 2010-03-10 14:32:42,881 org.springframework.orm.hibernate3.HibernateTemplate - Found thread-bound Session for HibernateTemplate
[DEBUG] 2010-03-10 14:32:42,881 org.hibernate.event.def.AbstractSaveEventListener - executing identity-insert immediately
[DEBUG] 2010-03-10 14:32:42,881 org.hibernate.jdbc.AbstractBatcher - about to open PreparedStatement (open PreparedStatements: 0, globally: 0)
[DEBUG] 2010-03-10 14:32:42,881 org.hibernate.SQL - insert into test.teacher (name, positional, sex) values (?, ?, ?)
[DEBUG] 2010-03-10 14:32:42,883 org.hibernate.id.IdentifierGeneratorFactory - Natively generated identity: 74
[DEBUG] 2010-03-10 14:32:42,883 org.hibernate.jdbc.AbstractBatcher - about to close PreparedStatement (open PreparedStatements: 1, globally: 1)
[DEBUG] 2010-03-10 14:32:42,884 org.springframework.orm.hibernate3.HibernateTemplate - Not closing pre-bound Hibernate Session after HibernateTemplate
[DEBUG] 2010-03-10 14:32:42,884 org.springframework.transaction.interceptor.TransactionInterceptor - Completing transaction for [org.usc.daos.base.IBaseDao.save]
[DEBUG] 2010-03-10 14:32:42,884 org.springframework.orm.hibernate3.HibernateTransactionManager - Triggering beforeCommit synchronization
[DEBUG] 2010-03-10 14:32:42,884 org.springframework.orm.hibernate3.HibernateTransactionManager - Triggering beforeCompletion synchronization
[DEBUG] 2010-03-10 14:32:42,884 org.springframework.orm.hibernate3.HibernateTransactionManager - Initiating transaction commit
[DEBUG] 2010-03-10 14:32:42,884 org.springframework.orm.hibernate3.HibernateTransactionManager - Committing Hibernate transaction on Session [org.hibernate.impl.SessionImpl@b52a28]
[DEBUG] 2010-03-10 14:32:42,884 org.hibernate.transaction.JDBCTransaction - commit
[DEBUG] 2010-03-10 14:32:42,884 org.hibernate.event.def.AbstractFlushingEventListener - processing flush-time cascades
[DEBUG] 2010-03-10 14:32:42,884 org.hibernate.event.def.AbstractFlushingEventListener - dirty checking collections
[DEBUG] 2010-03-10 14:32:42,885 org.hibernate.event.def.AbstractFlushingEventListener - Flushed: 0 insertions, 0 updates, 0 deletions to 1 objects
[DEBUG] 2010-03-10 14:32:42,885 org.hibernate.event.def.AbstractFlushingEventListener - Flushed: 0 (re)creations, 0 updates, 0 removals to 0 collections
[DEBUG] 2010-03-10 14:32:42,885 org.hibernate.pretty.Printer - listing entities:
[DEBUG] 2010-03-10 14:32:42,885 org.hibernate.pretty.Printer - org.usc.beans.Teacher{id=74, sex=男, positional=讲师, name=老师73}
[DEBUG] 2010-03-10 14:32:42,908 org.hibernate.transaction.JDBCTransaction - re-enabling autocommit
[DEBUG] 2010-03-10 14:32:42,909 org.hibernate.transaction.JDBCTransaction - committed JDBC Connection
[DEBUG] 2010-03-10 14:32:42,909 org.hibernate.jdbc.ConnectionManager - transaction completed on session with on_close connection release mode; be sure to close the session to release JDBC resources!
[DEBUG] 2010-03-10 14:32:42,909 org.springframework.orm.hibernate3.HibernateTransactionManager - Triggering afterCommit synchronization
[DEBUG] 2010-03-10 14:32:42,909 org.springframework.orm.hibernate3.HibernateTransactionManager - Triggering afterCompletion synchronization
[DEBUG] 2010-03-10 14:32:42,909 org.springframework.transaction.support.TransactionSynchronizationManager - Clearing transaction synchronization
[DEBUG] 2010-03-10 14:32:42,909 org.springframework.transaction.support.TransactionSynchronizationManager - Removed value [org.springframework.orm.hibernate3.SessionHolder@1dd7736] for key [org.hibernate.impl.SessionFactoryImpl@145fe3b] from thread [main]
[DEBUG] 2010-03-10 14:32:42,909 org.springframework.transaction.support.TransactionSynchronizationManager - Removed value [org.springframework.jdbc.datasource.ConnectionHolder@1c958af] for key [org.apache.commons.dbcp.BasicDataSource@3e5a91] from thread [main]
[DEBUG] 2010-03-10 14:32:42,909 org.springframework.orm.hibernate3.HibernateTransactionManager - Closing Hibernate Session [org.hibernate.impl.SessionImpl@b52a28] after transaction
[DEBUG] 2010-03-10 14:32:42,909 org.springframework.orm.hibernate3.SessionFactoryUtils - Closing Hibernate Session
[DEBUG] 2010-03-10 14:32:42,910 org.hibernate.jdbc.ConnectionManager - releasing JDBC connection [ (open PreparedStatements: 0, globally: 0) (open ResultSets: 0, globally: 0)]
[DEBUG] 2010-03-10 14:32:42,910 org.hibernate.jdbc.ConnectionManager - transaction completed on session with on_close connection release mode; be sure to close the session to release JDBC resources!
[DEBUG] 2010-03-10 14:32:42,910 org.springframework.orm.hibernate3.HibernateTransactionManager - Creating new transaction with name [org.usc.daos.base.IBaseDao.save]: PROPAGATION_REQUIRED,ISOLATION_DEFAULT
[DEBUG] 2010-03-10 14:32:42,910 org.springframework.transaction.support.TransactionSynchronizationManager - Initializing transaction synchronization
[DEBUG] 2010-03-10 14:32:42,910 org.hibernate.impl.SessionImpl - opened session at timestamp: 12682027629
[DEBUG] 2010-03-10 14:32:42,910 org.springframework.orm.hibernate3.HibernateTransactionManager - Opened new Session [org.hibernate.impl.SessionImpl@19fc25] for Hibernate transaction
[DEBUG] 2010-03-10 14:32:42,910 org.springframework.orm.hibernate3.HibernateTransactionManager - Preparing JDBC Connection of Hibernate Session [org.hibernate.impl.SessionImpl@19fc25]
[DEBUG] 2010-03-10 14:32:42,911 org.hibernate.transaction.JDBCTransaction - begin
[DEBUG] 2010-03-10 14:32:42,911 org.hibernate.jdbc.ConnectionManager - opening JDBC connection
[DEBUG] 2010-03-10 14:32:42,911 org.hibernate.transaction.JDBCTransaction - current autocommit status: true
[DEBUG] 2010-03-10 14:32:42,911 org.hibernate.transaction.JDBCTransaction - disabling autocommit
[DEBUG] 2010-03-10 14:32:42,912 org.springframework.orm.hibernate3.HibernateTransactionManager - Exposing Hibernate transaction as JDBC transaction [jdbc:mysql://127.0.0.1:3306/test?useUnicode=true&amp;amp;characterEncoding=utf-8, UserName=root@localhost, MySQL-AB JDBC Driver]
[DEBUG] 2010-03-10 14:32:42,912 org.springframework.transaction.support.TransactionSynchronizationManager - Bound value [org.springframework.jdbc.datasource.ConnectionHolder@952905] for key [org.apache.commons.dbcp.BasicDataSource@3e5a91] to thread [main]
[DEBUG] 2010-03-10 14:32:42,912 org.springframework.transaction.support.TransactionSynchronizationManager - Bound value [org.springframework.orm.hibernate3.SessionHolder@b83be0] for key [org.hibernate.impl.SessionFactoryImpl@145fe3b] to thread [main]
[DEBUG] 2010-03-10 14:32:42,912 org.springframework.transaction.interceptor.TransactionInterceptor - Getting transaction for [org.usc.daos.base.IBaseDao.save]
[DEBUG] 2010-03-10 14:32:42,913 org.springframework.transaction.support.TransactionSynchronizationManager - Retrieved value [org.springframework.orm.hibernate3.SessionHolder@b83be0] for key [org.hibernate.impl.SessionFactoryImpl@145fe3b] bound to thread [main]
[DEBUG] 2010-03-10 14:32:42,913 org.springframework.transaction.support.TransactionSynchronizationManager - Retrieved value [org.springframework.orm.hibernate3.SessionHolder@b83be0] for key [org.hibernate.impl.SessionFactoryImpl@145fe3b] bound to thread [main]
[DEBUG] 2010-03-10 14:32:42,913 org.springframework.orm.hibernate3.HibernateTemplate - Found thread-bound Session for HibernateTemplate
[DEBUG] 2010-03-10 14:32:42,913 org.hibernate.event.def.AbstractSaveEventListener - executing identity-insert immediately
[DEBUG] 2010-03-10 14:32:42,913 org.hibernate.jdbc.AbstractBatcher - about to open PreparedStatement (open PreparedStatements: 0, globally: 0)
[DEBUG] 2010-03-10 14:32:42,913 org.hibernate.SQL - insert into test.teacher (name, positional, sex) values (?, ?, ?)
[DEBUG] 2010-03-10 14:32:42,914 org.hibernate.id.IdentifierGeneratorFactory - Natively generated identity: 75
[DEBUG] 2010-03-10 14:32:42,914 org.hibernate.jdbc.AbstractBatcher - about to close PreparedStatement (open PreparedStatements: 1, globally: 1)
[DEBUG] 2010-03-10 14:32:42,914 org.springframework.orm.hibernate3.HibernateTemplate - Not closing pre-bound Hibernate Session after HibernateTemplate
[DEBUG] 2010-03-10 14:32:42,915 org.springframework.transaction.interceptor.TransactionInterceptor - Completing transaction for [org.usc.daos.base.IBaseDao.save]
[DEBUG] 2010-03-10 14:32:42,915 org.springframework.orm.hibernate3.HibernateTransactionManager - Triggering beforeCommit synchronization
[DEBUG] 2010-03-10 14:32:42,915 org.springframework.orm.hibernate3.HibernateTransactionManager - Triggering beforeCompletion synchronization
[DEBUG] 2010-03-10 14:32:42,915 org.springframework.orm.hibernate3.HibernateTransactionManager - Initiating transaction commit
[DEBUG] 2010-03-10 14:32:42,915 org.springframework.orm.hibernate3.HibernateTransactionManager - Committing Hibernate transaction on Session [org.hibernate.impl.SessionImpl@19fc25]
[DEBUG] 2010-03-10 14:32:42,915 org.hibernate.transaction.JDBCTransaction - commit
[DEBUG] 2010-03-10 14:32:42,915 org.hibernate.event.def.AbstractFlushingEventListener - processing flush-time cascades
[DEBUG] 2010-03-10 14:32:42,915 org.hibernate.event.def.AbstractFlushingEventListener - dirty checking collections
[DEBUG] 2010-03-10 14:32:42,915 org.hibernate.event.def.AbstractFlushingEventListener - Flushed: 0 insertions, 0 updates, 0 deletions to 1 objects
[DEBUG] 2010-03-10 14:32:42,915 org.hibernate.event.def.AbstractFlushingEventListener - Flushed: 0 (re)creations, 0 updates, 0 removals to 0 collections
[DEBUG] 2010-03-10 14:32:42,915 org.hibernate.pretty.Printer - listing entities:
[DEBUG] 2010-03-10 14:32:42,915 org.hibernate.pretty.Printer - org.usc.beans.Teacher{id=75, sex=男, positional=讲师, name=老师74}
[DEBUG] 2010-03-10 14:32:42,937 org.hibernate.transaction.JDBCTransaction - re-enabling autocommit
[DEBUG] 2010-03-10 14:32:42,938 org.hibernate.transaction.JDBCTransaction - committed JDBC Connection
[DEBUG] 2010-03-10 14:32:42,938 org.hibernate.jdbc.ConnectionManager - transaction completed on session with on_close connection release mode; be sure to close the session to release JDBC resources!
[DEBUG] 2010-03-10 14:32:42,938 org.springframework.orm.hibernate3.HibernateTransactionManager - Triggering afterCommit synchronization
[DEBUG] 2010-03-10 14:32:42,938 org.springframework.orm.hibernate3.HibernateTransactionManager - Triggering afterCompletion synchronization
[DEBUG] 2010-03-10 14:32:42,938 org.springframework.transaction.support.TransactionSynchronizationManager - Clearing transaction synchronization
[DEBUG] 2010-03-10 14:32:42,938 org.springframework.transaction.support.TransactionSynchronizationManager - Removed value [org.springframework.orm.hibernate3.SessionHolder@b83be0] for key [org.hibernate.impl.SessionFactoryImpl@145fe3b] from thread [main]
[DEBUG] 2010-03-10 14:32:42,938 org.springframework.transaction.support.TransactionSynchronizationManager - Removed value [org.springframework.jdbc.datasource.ConnectionHolder@952905] for key [org.apache.commons.dbcp.BasicDataSource@3e5a91] from thread [main]
[DEBUG] 2010-03-10 14:32:42,939 org.springframework.orm.hibernate3.HibernateTransactionManager - Closing Hibernate Session [org.hibernate.impl.SessionImpl@19fc25] after transaction
[DEBUG] 2010-03-10 14:32:42,939 org.springframework.orm.hibernate3.SessionFactoryUtils - Closing Hibernate Session
[DEBUG] 2010-03-10 14:32:42,939 org.hibernate.jdbc.ConnectionManager - releasing JDBC connection [ (open PreparedStatements: 0, globally: 0) (open ResultSets: 0, globally: 0)]
[DEBUG] 2010-03-10 14:32:42,939 org.hibernate.jdbc.ConnectionManager - transaction completed on session with on_close connection release mode; be sure to close the session to release JDBC resources!
[DEBUG] 2010-03-10 14:32:42,939 org.springframework.orm.hibernate3.HibernateTransactionManager - Creating new transaction with name [org.usc.daos.base.IBaseDao.save]: PROPAGATION_REQUIRED,ISOLATION_DEFAULT
[DEBUG] 2010-03-10 14:32:42,939 org.springframework.transaction.support.TransactionSynchronizationManager - Initializing transaction synchronization
[DEBUG] 2010-03-10 14:32:42,939 org.hibernate.impl.SessionImpl - opened session at timestamp: 12682027629
[DEBUG] 2010-03-10 14:32:42,939 org.springframework.orm.hibernate3.HibernateTransactionManager - Opened new Session [org.hibernate.impl.SessionImpl@1faa614] for Hibernate transaction
[DEBUG] 2010-03-10 14:32:42,940 org.springframework.orm.hibernate3.HibernateTransactionManager - Preparing JDBC Connection of Hibernate Session [org.hibernate.impl.SessionImpl@1faa614]
[DEBUG] 2010-03-10 14:32:42,940 org.hibernate.transaction.JDBCTransaction - begin
[DEBUG] 2010-03-10 14:32:42,940 org.hibernate.jdbc.ConnectionManager - opening JDBC connection
[DEBUG] 2010-03-10 14:32:42,940 org.hibernate.transaction.JDBCTransaction - current autocommit status: true
[DEBUG] 2010-03-10 14:32:42,940 org.hibernate.transaction.JDBCTransaction - disabling autocommit
[DEBUG] 2010-03-10 14:32:42,942 org.springframework.orm.hibernate3.HibernateTransactionManager - Exposing Hibernate transaction as JDBC transaction [jdbc:mysql://127.0.0.1:3306/test?useUnicode=true&amp;amp;characterEncoding=utf-8, UserName=root@localhost, MySQL-AB JDBC Driver]
[DEBUG] 2010-03-10 14:32:42,942 org.springframework.transaction.support.TransactionSynchronizationManager - Bound value [org.springframework.jdbc.datasource.ConnectionHolder@a6d35] for key [org.apache.commons.dbcp.BasicDataSource@3e5a91] to thread [main]
[DEBUG] 2010-03-10 14:32:42,942 org.springframework.transaction.support.TransactionSynchronizationManager - Bound value [org.springframework.orm.hibernate3.SessionHolder@87d472] for key [org.hibernate.impl.SessionFactoryImpl@145fe3b] to thread [main]
[DEBUG] 2010-03-10 14:32:42,942 org.springframework.transaction.interceptor.TransactionInterceptor - Getting transaction for [org.usc.daos.base.IBaseDao.save]
[DEBUG] 2010-03-10 14:32:42,942 org.springframework.transaction.support.TransactionSynchronizationManager - Retrieved value [org.springframework.orm.hibernate3.SessionHolder@87d472] for key [org.hibernate.impl.SessionFactoryImpl@145fe3b] bound to thread [main]
[DEBUG] 2010-03-10 14:32:42,943 org.springframework.transaction.support.TransactionSynchronizationManager - Retrieved value [org.springframework.orm.hibernate3.SessionHolder@87d472] for key [org.hibernate.impl.SessionFactoryImpl@145fe3b] bound to thread [main]
[DEBUG] 2010-03-10 14:32:42,943 org.springframework.orm.hibernate3.HibernateTemplate - Found thread-bound Session for HibernateTemplate
[DEBUG] 2010-03-10 14:32:42,943 org.hibernate.event.def.AbstractSaveEventListener - executing identity-insert immediately
[DEBUG] 2010-03-10 14:32:42,943 org.hibernate.jdbc.AbstractBatcher - about to open PreparedStatement (open PreparedStatements: 0, globally: 0)
[DEBUG] 2010-03-10 14:32:42,943 org.hibernate.SQL - insert into test.teacher (name, positional, sex) values (?, ?, ?)
[DEBUG] 2010-03-10 14:32:42,945 org.hibernate.id.IdentifierGeneratorFactory - Natively generated identity: 76
[DEBUG] 2010-03-10 14:32:42,945 org.hibernate.jdbc.AbstractBatcher - about to close PreparedStatement (open PreparedStatements: 1, globally: 1)
[DEBUG] 2010-03-10 14:32:42,945 org.springframework.orm.hibernate3.HibernateTemplate - Not closing pre-bound Hibernate Session after HibernateTemplate
[DEBUG] 2010-03-10 14:32:42,945 org.springframework.transaction.interceptor.TransactionInterceptor - Completing transaction for [org.usc.daos.base.IBaseDao.save]
[DEBUG] 2010-03-10 14:32:42,950 org.springframework.orm.hibernate3.HibernateTransactionManager - Triggering beforeCommit synchronization
[DEBUG] 2010-03-10 14:32:42,951 org.springframework.orm.hibernate3.HibernateTransactionManager - Triggering beforeCompletion synchronization
[DEBUG] 2010-03-10 14:32:42,952 org.springframework.orm.hibernate3.HibernateTransactionManager - Initiating transaction commit
[DEBUG] 2010-03-10 14:32:42,952 org.springframework.orm.hibernate3.HibernateTransactionManager - Committing Hibernate transaction on Session [org.hibernate.impl.SessionImpl@1faa614]
[DEBUG] 2010-03-10 14:32:42,952 org.hibernate.transaction.JDBCTransaction - commit
[DEBUG] 2010-03-10 14:32:42,955 org.hibernate.event.def.AbstractFlushingEventListener - processing flush-time cascades
[DEBUG] 2010-03-10 14:32:42,955 org.hibernate.event.def.AbstractFlushingEventListener - dirty checking collections
[DEBUG] 2010-03-10 14:32:42,955 org.hibernate.event.def.AbstractFlushingEventListener - Flushed: 0 insertions, 0 updates, 0 deletions to 1 objects
[DEBUG] 2010-03-10 14:32:42,955 org.hibernate.event.def.AbstractFlushingEventListener - Flushed: 0 (re)creations, 0 updates, 0 removals to 0 collections
[DEBUG] 2010-03-10 14:32:42,955 org.hibernate.pretty.Printer - listing entities:
[DEBUG] 2010-03-10 14:32:42,955 org.hibernate.pretty.Printer - org.usc.beans.Teacher{id=76, sex=男, positional=讲师, name=老师75}
[DEBUG] 2010-03-10 14:32:42,985 org.hibernate.transaction.JDBCTransaction - re-enabling autocommit
[DEBUG] 2010-03-10 14:32:42,987 org.hibernate.transaction.JDBCTransaction - committed JDBC Connection
[DEBUG] 2010-03-10 14:32:42,987 org.hibernate.jdbc.ConnectionManager - transaction completed on session with on_close connection release mode; be sure to close the session to release JDBC resources!
[DEBUG] 2010-03-10 14:32:42,987 org.springframework.orm.hibernate3.HibernateTransactionManager - Triggering afterCommit synchronization
[DEBUG] 2010-03-10 14:32:42,987 org.springframework.orm.hibernate3.HibernateTransactionManager - Triggering afterCompletion synchronization
[DEBUG] 2010-03-10 14:32:42,987 org.springframework.transaction.support.TransactionSynchronizationManager - Clearing transaction synchronization
[DEBUG] 2010-03-10 14:32:42,988 org.springframework.transaction.support.TransactionSynchronizationManager - Removed value [org.springframework.orm.hibernate3.SessionHolder@87d472] for key [org.hibernate.impl.SessionFactoryImpl@145fe3b] from thread [main]
[DEBUG] 2010-03-10 14:32:42,988 org.springframework.transaction.support.TransactionSynchronizationManager - Removed value [org.springframework.jdbc.datasource.ConnectionHolder@a6d35] for key [org.apache.commons.dbcp.BasicDataSource@3e5a91] from thread [main]
[DEBUG] 2010-03-10 14:32:42,988 org.springframework.orm.hibernate3.HibernateTransactionManager - Closing Hibernate Session [org.hibernate.impl.SessionImpl@1faa614] after transaction
[DEBUG] 2010-03-10 14:32:42,988 org.springframework.orm.hibernate3.SessionFactoryUtils - Closing Hibernate Session
[DEBUG] 2010-03-10 14:32:42,988 org.hibernate.jdbc.ConnectionManager - releasing JDBC connection [ (open PreparedStatements: 0, globally: 0) (open ResultSets: 0, globally: 0)]
[DEBUG] 2010-03-10 14:32:42,988 org.hibernate.jdbc.ConnectionManager - transaction completed on session with on_close connection release mode; be sure to close the session to release JDBC resources!
[DEBUG] 2010-03-10 14:32:42,989 org.springframework.orm.hibernate3.HibernateTransactionManager - Creating new transaction with name [org.usc.daos.base.IBaseDao.save]: PROPAGATION_REQUIRED,ISOLATION_DEFAULT
[DEBUG] 2010-03-10 14:32:42,989 org.springframework.transaction.support.TransactionSynchronizationManager - Initializing transaction synchronization
[DEBUG] 2010-03-10 14:32:42,989 org.hibernate.impl.SessionImpl - opened session at timestamp: 12682027629
[DEBUG] 2010-03-10 14:32:42,989 org.springframework.orm.hibernate3.HibernateTransactionManager - Opened new Session [org.hibernate.impl.SessionImpl@1978933] for Hibernate transaction
[DEBUG] 2010-03-10 14:32:42,989 org.springframework.orm.hibernate3.HibernateTransactionManager - Preparing JDBC Connection of Hibernate Session [org.hibernate.impl.SessionImpl@1978933]
[DEBUG] 2010-03-10 14:32:42,989 org.hibernate.transaction.JDBCTransaction - begin
[DEBUG] 2010-03-10 14:32:42,989 org.hibernate.jdbc.ConnectionManager - opening JDBC connection
[DEBUG] 2010-03-10 14:32:42,989 org.hibernate.transaction.JDBCTransaction - current autocommit status: true
[DEBUG] 2010-03-10 14:32:42,989 org.hibernate.transaction.JDBCTransaction - disabling autocommit
[DEBUG] 2010-03-10 14:32:42,991 org.springframework.orm.hibernate3.HibernateTransactionManager - Exposing Hibernate transaction as JDBC transaction [jdbc:mysql://127.0.0.1:3306/test?useUnicode=true&amp;amp;characterEncoding=utf-8, UserName=root@localhost, MySQL-AB JDBC Driver]
[DEBUG] 2010-03-10 14:32:42,992 org.springframework.transaction.support.TransactionSynchronizationManager - Bound value [org.springframework.jdbc.datasource.ConnectionHolder@d844a9] for key [org.apache.commons.dbcp.BasicDataSource@3e5a91] to thread [main]
[DEBUG] 2010-03-10 14:32:42,993 org.springframework.transaction.support.TransactionSynchronizationManager - Bound value [org.springframework.orm.hibernate3.SessionHolder@83e5f1] for key [org.hibernate.impl.SessionFactoryImpl@145fe3b] to thread [main]
[DEBUG] 2010-03-10 14:32:42,993 org.springframework.transaction.interceptor.TransactionInterceptor - Getting transaction for [org.usc.daos.base.IBaseDao.save]
[DEBUG] 2010-03-10 14:32:42,993 org.springframework.transaction.support.TransactionSynchronizationManager - Retrieved value [org.springframework.orm.hibernate3.SessionHolder@83e5f1] for key [org.hibernate.impl.SessionFactoryImpl@145fe3b] bound to thread [main]
[DEBUG] 2010-03-10 14:32:42,993 org.springframework.transaction.support.TransactionSynchronizationManager - Retrieved value [org.springframework.orm.hibernate3.SessionHolder@83e5f1] for key [org.hibernate.impl.SessionFactoryImpl@145fe3b] bound to thread [main]
[DEBUG] 2010-03-10 14:32:42,993 org.springframework.orm.hibernate3.HibernateTemplate - Found thread-bound Session for HibernateTemplate
[DEBUG] 2010-03-10 14:32:42,993 org.hibernate.event.def.AbstractSaveEventListener - executing identity-insert immediately
[DEBUG] 2010-03-10 14:32:42,993 org.hibernate.jdbc.AbstractBatcher - about to open PreparedStatement (open PreparedStatements: 0, globally: 0)
[DEBUG] 2010-03-10 14:32:42,994 org.hibernate.SQL - insert into test.teacher (name, positional, sex) values (?, ?, ?)
[DEBUG] 2010-03-10 14:32:42,998 org.hibernate.id.IdentifierGeneratorFactory - Natively generated identity: 77
[DEBUG] 2010-03-10 14:32:42,998 org.hibernate.jdbc.AbstractBatcher - about to close PreparedStatement (open PreparedStatements: 1, globally: 1)
[DEBUG] 2010-03-10 14:32:42,999 org.springframework.orm.hibernate3.HibernateTemplate - Not closing pre-bound Hibernate Session after HibernateTemplate
[DEBUG] 2010-03-10 14:32:42,999 org.springframework.transaction.interceptor.TransactionInterceptor - Completing transaction for [org.usc.daos.base.IBaseDao.save]
[DEBUG] 2010-03-10 14:32:42,999 org.springframework.orm.hibernate3.HibernateTransactionManager - Triggering beforeCommit synchronization
[DEBUG] 2010-03-10 14:32:42,999 org.springframework.orm.hibernate3.HibernateTransactionManager - Triggering beforeCompletion synchronization
[DEBUG] 2010-03-10 14:32:42,999 org.springframework.orm.hibernate3.HibernateTransactionManager - Initiating transaction commit
[DEBUG] 2010-03-10 14:32:42,999 org.springframework.orm.hibernate3.HibernateTransactionManager - Committing Hibernate transaction on Session [org.hibernate.impl.SessionImpl@1978933]
[DEBUG] 2010-03-10 14:32:42,999 org.hibernate.transaction.JDBCTransaction - commit
[DEBUG] 2010-03-10 14:32:42,999 org.hibernate.event.def.AbstractFlushingEventListener - processing flush-time cascades
[DEBUG] 2010-03-10 14:32:42,999 org.hibernate.event.def.AbstractFlushingEventListener - dirty checking collections
[DEBUG] 2010-03-10 14:32:43,000 org.hibernate.event.def.AbstractFlushingEventListener - Flushed: 0 insertions, 0 updates, 0 deletions to 1 objects
[DEBUG] 2010-03-10 14:32:43,000 org.hibernate.event.def.AbstractFlushingEventListener - Flushed: 0 (re)creations, 0 updates, 0 removals to 0 collections
[DEBUG] 2010-03-10 14:32:43,000 org.hibernate.pretty.Printer - listing entities:
[DEBUG] 2010-03-10 14:32:43,000 org.hibernate.pretty.Printer - org.usc.beans.Teacher{id=77, sex=男, positional=讲师, name=老师76}
[DEBUG] 2010-03-10 14:32:43,133 org.hibernate.transaction.JDBCTransaction - re-enabling autocommit
[DEBUG] 2010-03-10 14:32:43,133 org.hibernate.transaction.JDBCTransaction - committed JDBC Connection
[DEBUG] 2010-03-10 14:32:43,133 org.hibernate.jdbc.ConnectionManager - transaction completed on session with on_close connection release mode; be sure to close the session to release JDBC resources!
[DEBUG] 2010-03-10 14:32:43,134 org.springframework.orm.hibernate3.HibernateTransactionManager - Triggering afterCommit synchronization
[DEBUG] 2010-03-10 14:32:43,134 org.springframework.orm.hibernate3.HibernateTransactionManager - Triggering afterCompletion synchronization
[DEBUG] 2010-03-10 14:32:43,139 org.springframework.transaction.support.TransactionSynchronizationManager - Clearing transaction synchronization
[DEBUG] 2010-03-10 14:32:43,140 org.springframework.transaction.support.TransactionSynchronizationManager - Removed value [org.springframework.orm.hibernate3.SessionHolder@83e5f1] for key [org.hibernate.impl.SessionFactoryImpl@145fe3b] from thread [main]
[DEBUG] 2010-03-10 14:32:43,140 org.springframework.transaction.support.TransactionSynchronizationManager - Removed value [org.springframework.jdbc.datasource.ConnectionHolder@d844a9] for key [org.apache.commons.dbcp.BasicDataSource@3e5a91] from thread [main]
[DEBUG] 2010-03-10 14:32:43,140 org.springframework.orm.hibernate3.HibernateTransactionManager - Closing Hibernate Session [org.hibernate.impl.SessionImpl@1978933] after transaction
[DEBUG] 2010-03-10 14:32:43,140 org.springframework.orm.hibernate3.SessionFactoryUtils - Closing Hibernate Session
[DEBUG] 2010-03-10 14:32:43,140 org.hibernate.jdbc.ConnectionManager - releasing JDBC connection [ (open PreparedStatements: 0, globally: 0) (open ResultSets: 0, globally: 0)]
[DEBUG] 2010-03-10 14:32:43,140 org.hibernate.jdbc.ConnectionManager - transaction completed on session with on_close connection release mode; be sure to close the session to release JDBC resources!
[DEBUG] 2010-03-10 14:32:43,140 org.springframework.orm.hibernate3.HibernateTransactionManager - Creating new transaction with name [org.usc.daos.base.IBaseDao.save]: PROPAGATION_REQUIRED,ISOLATION_DEFAULT
[DEBUG] 2010-03-10 14:32:43,141 org.springframework.transaction.support.TransactionSynchronizationManager - Initializing transaction synchronization
[DEBUG] 2010-03-10 14:32:43,141 org.hibernate.impl.SessionImpl - opened session at timestamp: 12682027631
[DEBUG] 2010-03-10 14:32:43,141 org.springframework.orm.hibernate3.HibernateTransactionManager - Opened new Session [org.hibernate.impl.SessionImpl@185fe0c] for Hibernate transaction
[DEBUG] 2010-03-10 14:32:43,141 org.springframework.orm.hibernate3.HibernateTransactionManager - Preparing JDBC Connection of Hibernate Session [org.hibernate.impl.SessionImpl@185fe0c]
[DEBUG] 2010-03-10 14:32:43,141 org.hibernate.transaction.JDBCTransaction - begin
[DEBUG] 2010-03-10 14:32:43,141 org.hibernate.jdbc.ConnectionManager - opening JDBC connection
[DEBUG] 2010-03-10 14:32:43,141 org.hibernate.transaction.JDBCTransaction - current autocommit status: true
[DEBUG] 2010-03-10 14:32:43,141 org.hibernate.transaction.JDBCTransaction - disabling autocommit
[DEBUG] 2010-03-10 14:32:43,142 org.springframework.orm.hibernate3.HibernateTransactionManager - Exposing Hibernate transaction as JDBC transaction [jdbc:mysql://127.0.0.1:3306/test?useUnicode=true&amp;amp;characterEncoding=utf-8, UserName=root@localhost, MySQL-AB JDBC Driver]
[DEBUG] 2010-03-10 14:32:43,142 org.springframework.transaction.support.TransactionSynchronizationManager - Bound value [org.springframework.jdbc.datasource.ConnectionHolder@1082823] for key [org.apache.commons.dbcp.BasicDataSource@3e5a91] to thread [main]
[DEBUG] 2010-03-10 14:32:43,142 org.springframework.transaction.support.TransactionSynchronizationManager - Bound value [org.springframework.orm.hibernate3.SessionHolder@831a91] for key [org.hibernate.impl.SessionFactoryImpl@145fe3b] to thread [main]
[DEBUG] 2010-03-10 14:32:43,142 org.springframework.transaction.interceptor.TransactionInterceptor - Getting transaction for [org.usc.daos.base.IBaseDao.save]
[DEBUG] 2010-03-10 14:32:43,143 org.springframework.transaction.support.TransactionSynchronizationManager - Retrieved value [org.springframework.orm.hibernate3.SessionHolder@831a91] for key [org.hibernate.impl.SessionFactoryImpl@145fe3b] bound to thread [main]
[DEBUG] 2010-03-10 14:32:43,143 org.springframework.transaction.support.TransactionSynchronizationManager - Retrieved value [org.springframework.orm.hibernate3.SessionHolder@831a91] for key [org.hibernate.impl.SessionFactoryImpl@145fe3b] bound to thread [main]
[DEBUG] 2010-03-10 14:32:43,143 org.springframework.orm.hibernate3.HibernateTemplate - Found thread-bound Session for HibernateTemplate
[DEBUG] 2010-03-10 14:32:43,143 org.hibernate.event.def.AbstractSaveEventListener - executing identity-insert immediately
[DEBUG] 2010-03-10 14:32:43,143 org.hibernate.jdbc.AbstractBatcher - about to open PreparedStatement (open PreparedStatements: 0, globally: 0)
[DEBUG] 2010-03-10 14:32:43,143 org.hibernate.SQL - insert into test.teacher (name, positional, sex) values (?, ?, ?)
[DEBUG] 2010-03-10 14:32:43,144 org.hibernate.id.IdentifierGeneratorFactory - Natively generated identity: 78
[DEBUG] 2010-03-10 14:32:43,145 org.hibernate.jdbc.AbstractBatcher - about to close PreparedStatement (open PreparedStatements: 1, globally: 1)
[DEBUG] 2010-03-10 14:32:43,145 org.springframework.orm.hibernate3.HibernateTemplate - Not closing pre-bound Hibernate Session after HibernateTemplate
[DEBUG] 2010-03-10 14:32:43,145 org.springframework.transaction.interceptor.TransactionInterceptor - Completing transaction for [org.usc.daos.base.IBaseDao.save]
[DEBUG] 2010-03-10 14:32:43,145 org.springframework.orm.hibernate3.HibernateTransactionManager - Triggering beforeCommit synchronization
[DEBUG] 2010-03-10 14:32:43,145 org.springframework.orm.hibernate3.HibernateTransactionManager - Triggering beforeCompletion synchronization
[DEBUG] 2010-03-10 14:32:43,145 org.springframework.orm.hibernate3.HibernateTransactionManager - Initiating transaction commit
[DEBUG] 2010-03-10 14:32:43,145 org.springframework.orm.hibernate3.HibernateTransactionManager - Committing Hibernate transaction on Session [org.hibernate.impl.SessionImpl@185fe0c]
[DEBUG] 2010-03-10 14:32:43,146 org.hibernate.transaction.JDBCTransaction - commit
[DEBUG] 2010-03-10 14:32:43,146 org.hibernate.event.def.AbstractFlushingEventListener - processing flush-time cascades
[DEBUG] 2010-03-10 14:32:43,146 org.hibernate.event.def.AbstractFlushingEventListener - dirty checking collections
[DEBUG] 2010-03-10 14:32:43,146 org.hibernate.event.def.AbstractFlushingEventListener - Flushed: 0 insertions, 0 updates, 0 deletions to 1 objects
[DEBUG] 2010-03-10 14:32:43,146 org.hibernate.event.def.AbstractFlushingEventListener - Flushed: 0 (re)creations, 0 updates, 0 removals to 0 collections
[DEBUG] 2010-03-10 14:32:43,146 org.hibernate.pretty.Printer - listing entities:
[DEBUG] 2010-03-10 14:32:43,147 org.hibernate.pretty.Printer - org.usc.beans.Teacher{id=78, sex=男, positional=讲师, name=老师77}
[DEBUG] 2010-03-10 14:32:43,170 org.hibernate.transaction.JDBCTransaction - re-enabling autocommit
[DEBUG] 2010-03-10 14:32:43,170 org.hibernate.transaction.JDBCTransaction - committed JDBC Connection
[DEBUG] 2010-03-10 14:32:43,171 org.hibernate.jdbc.ConnectionManager - transaction completed on session with on_close connection release mode; be sure to close the session to release JDBC resources!
[DEBUG] 2010-03-10 14:32:43,171 org.springframework.orm.hibernate3.HibernateTransactionManager - Triggering afterCommit synchronization
[DEBUG] 2010-03-10 14:32:43,171 org.springframework.orm.hibernate3.HibernateTransactionManager - Triggering afterCompletion synchronization
[DEBUG] 2010-03-10 14:32:43,171 org.springframework.transaction.support.TransactionSynchronizationManager - Clearing transaction synchronization
[DEBUG] 2010-03-10 14:32:43,171 org.springframework.transaction.support.TransactionSynchronizationManager - Removed value [org.springframework.orm.hibernate3.SessionHolder@831a91] for key [org.hibernate.impl.SessionFactoryImpl@145fe3b] from thread [main]
[DEBUG] 2010-03-10 14:32:43,171 org.springframework.transaction.support.TransactionSynchronizationManager - Removed value [org.springframework.jdbc.datasource.ConnectionHolder@1082823] for key [org.apache.commons.dbcp.BasicDataSource@3e5a91] from thread [main]
[DEBUG] 2010-03-10 14:32:43,171 org.springframework.orm.hibernate3.HibernateTransactionManager - Closing Hibernate Session [org.hibernate.impl.SessionImpl@185fe0c] after transaction
[DEBUG] 2010-03-10 14:32:43,171 org.springframework.orm.hibernate3.SessionFactoryUtils - Closing Hibernate Session
[DEBUG] 2010-03-10 14:32:43,171 org.hibernate.jdbc.ConnectionManager - releasing JDBC connection [ (open PreparedStatements: 0, globally: 0) (open ResultSets: 0, globally: 0)]
[DEBUG] 2010-03-10 14:32:43,171 org.hibernate.jdbc.ConnectionManager - transaction completed on session with on_close connection release mode; be sure to close the session to release JDBC resources!
[DEBUG] 2010-03-10 14:32:43,172 org.springframework.orm.hibernate3.HibernateTransactionManager - Creating new transaction with name [org.usc.daos.base.IBaseDao.save]: PROPAGATION_REQUIRED,ISOLATION_DEFAULT
[DEBUG] 2010-03-10 14:32:43,172 org.springframework.transaction.support.TransactionSynchronizationManager - Initializing transaction synchronization
[DEBUG] 2010-03-10 14:32:43,172 org.hibernate.impl.SessionImpl - opened session at timestamp: 12682027631
[DEBUG] 2010-03-10 14:32:43,172 org.springframework.orm.hibernate3.HibernateTransactionManager - Opened new Session [org.hibernate.impl.SessionImpl@1c70315] for Hibernate transaction
[DEBUG] 2010-03-10 14:32:43,172 org.springframework.orm.hibernate3.HibernateTransactionManager - Preparing JDBC Connection of Hibernate Session [org.hibernate.impl.SessionImpl@1c70315]
[DEBUG] 2010-03-10 14:32:43,172 org.hibernate.transaction.JDBCTransaction - begin
[DEBUG] 2010-03-10 14:32:43,172 org.hibernate.jdbc.ConnectionManager - opening JDBC connection
[DEBUG] 2010-03-10 14:32:43,172 org.hibernate.transaction.JDBCTransaction - current autocommit status: true
[DEBUG] 2010-03-10 14:32:43,172 org.hibernate.transaction.JDBCTransaction - disabling autocommit
[DEBUG] 2010-03-10 14:32:43,173 org.springframework.orm.hibernate3.HibernateTransactionManager - Exposing Hibernate transaction as JDBC transaction [jdbc:mysql://127.0.0.1:3306/test?useUnicode=true&amp;amp;characterEncoding=utf-8, UserName=root@localhost, MySQL-AB JDBC Driver]
[DEBUG] 2010-03-10 14:32:43,174 org.springframework.transaction.support.TransactionSynchronizationManager - Bound value [org.springframework.jdbc.datasource.ConnectionHolder@119db9e] for key [org.apache.commons.dbcp.BasicDataSource@3e5a91] to thread [main]
[DEBUG] 2010-03-10 14:32:43,174 org.springframework.transaction.support.TransactionSynchronizationManager - Bound value [org.springframework.orm.hibernate3.SessionHolder@a166bd] for key [org.hibernate.impl.SessionFactoryImpl@145fe3b] to thread [main]
[DEBUG] 2010-03-10 14:32:43,174 org.springframework.transaction.interceptor.TransactionInterceptor - Getting transaction for [org.usc.daos.base.IBaseDao.save]
[DEBUG] 2010-03-10 14:32:43,174 org.springframework.transaction.support.TransactionSynchronizationManager - Retrieved value [org.springframework.orm.hibernate3.SessionHolder@a166bd] for key [org.hibernate.impl.SessionFactoryImpl@145fe3b] bound to thread [main]
[DEBUG] 2010-03-10 14:32:43,174 org.springframework.transaction.support.TransactionSynchronizationManager - Retrieved value [org.springframework.orm.hibernate3.SessionHolder@a166bd] for key [org.hibernate.impl.SessionFactoryImpl@145fe3b] bound to thread [main]
[DEBUG] 2010-03-10 14:32:43,174 org.springframework.orm.hibernate3.HibernateTemplate - Found thread-bound Session for HibernateTemplate
[DEBUG] 2010-03-10 14:32:43,174 org.hibernate.event.def.AbstractSaveEventListener - executing identity-insert immediately
[DEBUG] 2010-03-10 14:32:43,174 org.hibernate.jdbc.AbstractBatcher - about to open PreparedStatement (open PreparedStatements: 0, globally: 0)
[DEBUG] 2010-03-10 14:32:43,174 org.hibernate.SQL - insert into test.teacher (name, positional, sex) values (?, ?, ?)
[DEBUG] 2010-03-10 14:32:43,175 org.hibernate.id.IdentifierGeneratorFactory - Natively generated identity: 79
[DEBUG] 2010-03-10 14:32:43,175 org.hibernate.jdbc.AbstractBatcher - about to close PreparedStatement (open PreparedStatements: 1, globally: 1)
[DEBUG] 2010-03-10 14:32:43,176 org.springframework.orm.hibernate3.HibernateTemplate - Not closing pre-bound Hibernate Session after HibernateTemplate
[DEBUG] 2010-03-10 14:32:43,176 org.springframework.transaction.interceptor.TransactionInterceptor - Completing transaction for [org.usc.daos.base.IBaseDao.save]
[DEBUG] 2010-03-10 14:32:43,176 org.springframework.orm.hibernate3.HibernateTransactionManager - Triggering beforeCommit synchronization
[DEBUG] 2010-03-10 14:32:43,176 org.springframework.orm.hibernate3.HibernateTransactionManager - Triggering beforeCompletion synchronization
[DEBUG] 2010-03-10 14:32:43,176 org.springframework.orm.hibernate3.HibernateTransactionManager - Initiating transaction commit
[DEBUG] 2010-03-10 14:32:43,176 org.springframework.orm.hibernate3.HibernateTransactionManager - Committing Hibernate transaction on Session [org.hibernate.impl.SessionImpl@1c70315]
[DEBUG] 2010-03-10 14:32:43,176 org.hibernate.transaction.JDBCTransaction - commit
[DEBUG] 2010-03-10 14:32:43,176 org.hibernate.event.def.AbstractFlushingEventListener - processing flush-time cascades
[DEBUG] 2010-03-10 14:32:43,176 org.hibernate.event.def.AbstractFlushingEventListener - dirty checking collections
[DEBUG] 2010-03-10 14:32:43,176 org.hibernate.event.def.AbstractFlushingEventListener - Flushed: 0 insertions, 0 updates, 0 deletions to 1 objects
[DEBUG] 2010-03-10 14:32:43,176 org.hibernate.event.def.AbstractFlushingEventListener - Flushed: 0 (re)creations, 0 updates, 0 removals to 0 collections
[DEBUG] 2010-03-10 14:32:43,177 org.hibernate.pretty.Printer - listing entities:
[DEBUG] 2010-03-10 14:32:43,177 org.hibernate.pretty.Printer - org.usc.beans.Teacher{id=79, sex=男, positional=讲师, name=老师78}
[DEBUG] 2010-03-10 14:32:43,200 org.hibernate.transaction.JDBCTransaction - re-enabling autocommit
[DEBUG] 2010-03-10 14:32:43,201 org.hibernate.transaction.JDBCTransaction - committed JDBC Connection
[DEBUG] 2010-03-10 14:32:43,201 org.hibernate.jdbc.ConnectionManager - transaction completed on session with on_close connection release mode; be sure to close the session to release JDBC resources!
[DEBUG] 2010-03-10 14:32:43,201 org.springframework.orm.hibernate3.HibernateTransactionManager - Triggering afterCommit synchronization
[DEBUG] 2010-03-10 14:32:43,201 org.springframework.orm.hibernate3.HibernateTransactionManager - Triggering afterCompletion synchronization
[DEBUG] 2010-03-10 14:32:43,201 org.springframework.transaction.support.TransactionSynchronizationManager - Clearing transaction synchronization
[DEBUG] 2010-03-10 14:32:43,201 org.springframework.transaction.support.TransactionSynchronizationManager - Removed value [org.springframework.orm.hibernate3.SessionHolder@a166bd] for key [org.hibernate.impl.SessionFactoryImpl@145fe3b] from thread [main]
[DEBUG] 2010-03-10 14:32:43,201 org.springframework.transaction.support.TransactionSynchronizationManager - Removed value [org.springframework.jdbc.datasource.ConnectionHolder@119db9e] for key [org.apache.commons.dbcp.BasicDataSource@3e5a91] from thread [main]
[DEBUG] 2010-03-10 14:32:43,201 org.springframework.orm.hibernate3.HibernateTransactionManager - Closing Hibernate Session [org.hibernate.impl.SessionImpl@1c70315] after transaction
[DEBUG] 2010-03-10 14:32:43,201 org.springframework.orm.hibernate3.SessionFactoryUtils - Closing Hibernate Session
[DEBUG] 2010-03-10 14:32:43,201 org.hibernate.jdbc.ConnectionManager - releasing JDBC connection [ (open PreparedStatements: 0, globally: 0) (open ResultSets: 0, globally: 0)]
[DEBUG] 2010-03-10 14:32:43,202 org.hibernate.jdbc.ConnectionManager - transaction completed on session with on_close connection release mode; be sure to close the session to release JDBC resources!
[DEBUG] 2010-03-10 14:32:43,202 org.springframework.orm.hibernate3.HibernateTransactionManager - Creating new transaction with name [org.usc.daos.base.IBaseDao.save]: PROPAGATION_REQUIRED,ISOLATION_DEFAULT
[DEBUG] 2010-03-10 14:32:43,202 org.springframework.transaction.support.TransactionSynchronizationManager - Initializing transaction synchronization
[DEBUG] 2010-03-10 14:32:43,202 org.hibernate.impl.SessionImpl - opened session at timestamp: 12682027632
[DEBUG] 2010-03-10 14:32:43,202 org.springframework.orm.hibernate3.HibernateTransactionManager - Opened new Session [org.hibernate.impl.SessionImpl@16c06dd] for Hibernate transaction
[DEBUG] 2010-03-10 14:32:43,202 org.springframework.orm.hibernate3.HibernateTransactionManager - Preparing JDBC Connection of Hibernate Session [org.hibernate.impl.SessionImpl@16c06dd]
[DEBUG] 2010-03-10 14:32:43,202 org.hibernate.transaction.JDBCTransaction - begin
[DEBUG] 2010-03-10 14:32:43,202 org.hibernate.jdbc.ConnectionManager - opening JDBC connection
[DEBUG] 2010-03-10 14:32:43,202 org.hibernate.transaction.JDBCTransaction - current autocommit status: true
[DEBUG] 2010-03-10 14:32:43,203 org.hibernate.transaction.JDBCTransaction - disabling autocommit
[DEBUG] 2010-03-10 14:32:43,204 org.springframework.orm.hibernate3.HibernateTransactionManager - Exposing Hibernate transaction as JDBC transaction [jdbc:mysql://127.0.0.1:3306/test?useUnicode=true&amp;amp;characterEncoding=utf-8, UserName=root@localhost, MySQL-AB JDBC Driver]
[DEBUG] 2010-03-10 14:32:43,204 org.springframework.transaction.support.TransactionSynchronizationManager - Bound value [org.springframework.jdbc.datasource.ConnectionHolder@ea443f] for key [org.apache.commons.dbcp.BasicDataSource@3e5a91] to thread [main]
[DEBUG] 2010-03-10 14:32:43,204 org.springframework.transaction.support.TransactionSynchronizationManager - Bound value [org.springframework.orm.hibernate3.SessionHolder@268cc6] for key [org.hibernate.impl.SessionFactoryImpl@145fe3b] to thread [main]
[DEBUG] 2010-03-10 14:32:43,204 org.springframework.transaction.interceptor.TransactionInterceptor - Getting transaction for [org.usc.daos.base.IBaseDao.save]
[DEBUG] 2010-03-10 14:32:43,204 org.springframework.transaction.support.TransactionSynchronizationManager - Retrieved value [org.springframework.orm.hibernate3.SessionHolder@268cc6] for key [org.hibernate.impl.SessionFactoryImpl@145fe3b] bound to thread [main]
[DEBUG] 2010-03-10 14:32:43,204 org.springframework.transaction.support.TransactionSynchronizationManager - Retrieved value [org.springframework.orm.hibernate3.SessionHolder@268cc6] for key [org.hibernate.impl.SessionFactoryImpl@145fe3b] bound to thread [main]
[DEBUG] 2010-03-10 14:32:43,204 org.springframework.orm.hibernate3.HibernateTemplate - Found thread-bound Session for HibernateTemplate
[DEBUG] 2010-03-10 14:32:43,205 org.hibernate.event.def.AbstractSaveEventListener - executing identity-insert immediately
[DEBUG] 2010-03-10 14:32:43,205 org.hibernate.jdbc.AbstractBatcher - about to open PreparedStatement (open PreparedStatements: 0, globally: 0)
[DEBUG] 2010-03-10 14:32:43,205 org.hibernate.SQL - insert into test.teacher (name, positional, sex) values (?, ?, ?)
[DEBUG] 2010-03-10 14:32:43,206 org.hibernate.id.IdentifierGeneratorFactory - Natively generated identity: 80
[DEBUG] 2010-03-10 14:32:43,206 org.hibernate.jdbc.AbstractBatcher - about to close PreparedStatement (open PreparedStatements: 1, globally: 1)
[DEBUG] 2010-03-10 14:32:43,206 org.springframework.orm.hibernate3.HibernateTemplate - Not closing pre-bound Hibernate Session after HibernateTemplate
[DEBUG] 2010-03-10 14:32:43,206 org.springframework.transaction.interceptor.TransactionInterceptor - Completing transaction for [org.usc.daos.base.IBaseDao.save]
[DEBUG] 2010-03-10 14:32:43,206 org.springframework.orm.hibernate3.HibernateTransactionManager - Triggering beforeCommit synchronization
[DEBUG] 2010-03-10 14:32:43,206 org.springframework.orm.hibernate3.HibernateTransactionManager - Triggering beforeCompletion synchronization
[DEBUG] 2010-03-10 14:32:43,206 org.springframework.orm.hibernate3.HibernateTransactionManager - Initiating transaction commit
[DEBUG] 2010-03-10 14:32:43,206 org.springframework.orm.hibernate3.HibernateTransactionManager - Committing Hibernate transaction on Session [org.hibernate.impl.SessionImpl@16c06dd]
[DEBUG] 2010-03-10 14:32:43,207 org.hibernate.transaction.JDBCTransaction - commit
[DEBUG] 2010-03-10 14:32:43,207 org.hibernate.event.def.AbstractFlushingEventListener - processing flush-time cascades
[DEBUG] 2010-03-10 14:32:43,207 org.hibernate.event.def.AbstractFlushingEventListener - dirty checking collections
[DEBUG] 2010-03-10 14:32:43,207 org.hibernate.event.def.AbstractFlushingEventListener - Flushed: 0 insertions, 0 updates, 0 deletions to 1 objects
[DEBUG] 2010-03-10 14:32:43,207 org.hibernate.event.def.AbstractFlushingEventListener - Flushed: 0 (re)creations, 0 updates, 0 removals to 0 collections
[DEBUG] 2010-03-10 14:32:43,207 org.hibernate.pretty.Printer - listing entities:
[DEBUG] 2010-03-10 14:32:43,207 org.hibernate.pretty.Printer - org.usc.beans.Teacher{id=80, sex=男, positional=讲师, name=老师79}
[DEBUG] 2010-03-10 14:32:43,229 org.hibernate.transaction.JDBCTransaction - re-enabling autocommit
[DEBUG] 2010-03-10 14:32:43,230 org.hibernate.transaction.JDBCTransaction - committed JDBC Connection
[DEBUG] 2010-03-10 14:32:43,230 org.hibernate.jdbc.ConnectionManager - transaction completed on session with on_close connection release mode; be sure to close the session to release JDBC resources!
[DEBUG] 2010-03-10 14:32:43,230 org.springframework.orm.hibernate3.HibernateTransactionManager - Triggering afterCommit synchronization
[DEBUG] 2010-03-10 14:32:43,230 org.springframework.orm.hibernate3.HibernateTransactionManager - Triggering afterCompletion synchronization
[DEBUG] 2010-03-10 14:32:43,230 org.springframework.transaction.support.TransactionSynchronizationManager - Clearing transaction synchronization
[DEBUG] 2010-03-10 14:32:43,230 org.springframework.transaction.support.TransactionSynchronizationManager - Removed value [org.springframework.orm.hibernate3.SessionHolder@268cc6] for key [org.hibernate.impl.SessionFactoryImpl@145fe3b] from thread [main]
[DEBUG] 2010-03-10 14:32:43,230 org.springframework.transaction.support.TransactionSynchronizationManager - Removed value [org.springframework.jdbc.datasource.ConnectionHolder@ea443f] for key [org.apache.commons.dbcp.BasicDataSource@3e5a91] from thread [main]
[DEBUG] 2010-03-10 14:32:43,231 org.springframework.orm.hibernate3.HibernateTransactionManager - Closing Hibernate Session [org.hibernate.impl.SessionImpl@16c06dd] after transaction
[DEBUG] 2010-03-10 14:32:43,231 org.springframework.orm.hibernate3.SessionFactoryUtils - Closing Hibernate Session
[DEBUG] 2010-03-10 14:32:43,231 org.hibernate.jdbc.ConnectionManager - releasing JDBC connection [ (open PreparedStatements: 0, globally: 0) (open ResultSets: 0, globally: 0)]
[DEBUG] 2010-03-10 14:32:43,231 org.hibernate.jdbc.ConnectionManager - transaction completed on session with on_close connection release mode; be sure to close the session to release JDBC resources!
[DEBUG] 2010-03-10 14:32:43,231 org.springframework.test.context.TestContextManager - afterTestMethod(): instance [org.usc.tests.TeacherServiceTest@22c95b], method [public void org.usc.tests.TeacherServiceTest.testSave()], exception [null]
[DEBUG] 2010-03-10 14:32:43,232 org.springframework.test.context.TestContextManager - afterTestClass(): class [class org.usc.tests.TeacherServiceTest]
[INFO] 2010-03-10 14:32:43,237 org.springframework.context.support.GenericApplicationContext - Closing org.springframework.context.support.GenericApplicationContext@1430b5c: startup date [Wed Mar 10 14:32:38 CST 2010]; root of context hierarchy
[DEBUG] 2010-03-10 14:32:43,242 org.springframework.context.support.GenericApplicationContext - Publishing event in org.springframework.context.support.GenericApplicationContext@1430b5c: org.springframework.context.event.ContextClosedEvent[source=org.springframework.context.support.GenericApplicationContext@1430b5c: startup date [Wed Mar 10 14:32:38 CST 2010]; root of context hierarchy]
[INFO] 2010-03-10 14:32:43,243 org.springframework.beans.factory.support.DefaultListableBeanFactory - Destroying singletons in org.springframework.beans.factory.support.DefaultListableBeanFactory@ac6a45: defining beans [propertyConfigurer,dataSource,sessionFactory,transactionManager,txAdvice,org.springframework.aop.config.internalAutoProxyCreator,allServiceMethod,org.springframework.aop.support.DefaultBeanFactoryPointcutAdvisor#0,org.springframework.context.annotation.internalConfigurationAnnotationProcessor,org.springframework.context.annotation.internalAutowiredAnnotationProcessor,org.springframework.context.annotation.internalRequiredAnnotationProcessor,org.springframework.context.annotation.internalCommonAnnotationProcessor,org.springframework.context.annotation.internalPersistenceAnnotationProcessor,baseActionSupport,studentServiceBean,teacherServiceBean]; root of factory hierarchy
[DEBUG] 2010-03-10 14:32:43,243 org.springframework.beans.factory.support.DefaultListableBeanFactory - Retrieved dependent beans for bean 'teacherServiceBean': [org.usc.tests.TeacherServiceTest]
[DEBUG] 2010-03-10 14:32:43,249 org.springframework.beans.factory.support.DefaultListableBeanFactory - Retrieved dependent beans for bean '(inner bean)': [txAdvice]
[DEBUG] 2010-03-10 14:32:43,249 org.springframework.beans.factory.support.DisposableBeanAdapter - Invoking destroy() on bean with name 'sessionFactory'
[INFO] 2010-03-10 14:32:43,249 org.springframework.orm.hibernate3.annotation.AnnotationSessionFactoryBean - Closing Hibernate SessionFactory
[INFO] 2010-03-10 14:32:43,250 org.hibernate.impl.SessionFactoryImpl - closing
